<?xml version="1.0" encoding="UTF-8"?>
<testsuite xmlns:xsi="http://www.w3.org/2001/XMLSchema-instance" xsi:noNamespaceSchemaLocation="https://maven.apache.org/surefire/maven-surefire-plugin/xsd/surefire-test-report-3.0.xsd" version="3.0" name="Testrunners.runner" time="203.544" tests="43" errors="0" skipped="0" failures="0">
  <properties>
[...]
</properties>
  <testcase name="Given User open chrome browser" classname="Scenario: User Login and Addnew customer" time="0.004"/>
  <testcase name="Given User open chrome browser" classname="Scenario: User Login and Addnew customer" time="0"/>
  <testcase name="Given User open chrome browser" classname="Scenario: User Login and Addnew customer" time="0"/>
  <testcase name="When User enter url &quot;https://admin-demo.nopcommerce.com/login&quot;" classname="Scenario: User Login and Addnew customer" time="0"/>
  <testcase name="When User enter url &quot;https://admin-demo.nopcommerce.com/login&quot;" classname="Scenario: User Login and Addnew customer" time="0"/>
  <testcase name="When User enter url &quot;https://admin-demo.nopcommerce.com/login&quot;" classname="Scenario: User Login and Addnew customer" time="0"/>
  <testcase name="Then User enter username &quot;admin@yourstore.com&quot; and password &quot;admin&quot;" classname="Scenario: User Login and Addnew customer" time="0"/>
  <testcase name="Then User enter username &quot;admin@yourstore.com&quot; and password &quot;admin&quot;" classname="Scenario: User Login and Addnew customer" time="0"/>
  <testcase name="Then User enter username &quot;admin@yourstore.com&quot; and password &quot;admin&quot;" classname="Scenario: User Login and Addnew customer" time="0"/>
  <testcase name="Then User Click login" classname="Scenario: User Login and Addnew customer" time="0"/>
  <testcase name="Then User Click login" classname="Scenario: User Login and Addnew customer" time="0"/>
  <testcase name="Then User Click login" classname="Scenario: User Login and Addnew customer" time="0"/>
  <testcase name="Then Verify page title &quot;Dashboard / nopCommerce administration&quot;" classname="Scenario: User Login and Addnew customer" time="0"/>
  <testcase name="Then Verify page title &quot;Dashboard / nopCommerce administration&quot;" classname="Scenario: User Login and Addnew customer" time="0"/>
  <testcase name="Then Verify page title &quot;Dashboard / nopCommerce administration&quot;" classname="Scenario: User Login and Addnew customer" time="0"/>
  <testcase name="Then User click customer" classname="Scenario: User Login and Addnew customer" time="0"/>
  <testcase name="Then User click customer" classname="Scenario: User Login and Addnew customer" time="0"/>
  <testcase name="Then User click customer" classname="Scenario: User Login and Addnew customer" time="0"/>
  <testcase name="Then click customers" classname="Scenario: User Login and Addnew customer" time="0"/>
  <testcase name="Then click customers" classname="Scenario: User Login and Addnew customer" time="0"/>
  <testcase name="Then click customers" classname="Scenario: User Login and Addnew customer" time="0"/>
  <testcase name="When User to be click addnew" classname="Scenario: User Login and Addnew customer" time="0"/>
  <testcase name="When user enter email &quot;prasath123@gmail.com&quot;" classname="Scenario: User Login and Addnew customer" time="0"/>
  <testcase name="And user enter password &quot;Adm12in@123&quot;" classname="Scenario: User Login and Addnew customer" time="0"/>
  <testcase name="Then user enter firstname &quot;Prasath1&quot;" classname="Scenario: User Login and Addnew customer" time="0"/>
  <testcase name="Then user enter Lastname &quot;G&quot;" classname="Scenario: User Login and Addnew customer" time="0"/>
  <testcase name="And click date of brith" classname="Scenario: User Login and Addnew customer" time="0"/>
  <testcase name="Then User choose date &quot;11/11/1994&quot;" classname="Scenario: User Login and Addnew customer" time="0.004"/>
  <testcase name="And User enter company name &quot;MY WON QA&quot;" classname="Scenario: User Login and Addnew customer" time="0"/>
  <testcase name="Then Click save" classname="Scenario: User Login and Addnew customer" time="0"/>
  <testcase name="And User check Response &quot;The new customer has been added successfully.&quot;" classname="Scenario: User Login and Addnew customer" time="0"/>
  <testcase name="Then User will close browser" classname="Scenario: User Login and Addnew customer" time="0"/>
  <testcase name="Then User will close browser" classname="Scenario: User Login and Addnew customer" time="0"/>
  <testcase name="Then User will close browser" classname="Scenario: User Login and Addnew customer" time="0"/>
  <testcase name="" classname="Scenario: User Login and Addnew customer" time="0"/>
  <testcase name="" classname="Scenario: User Login and Addnew customer" time="0"/>
  <testcase name="" classname="Scenario: User Login and Addnew customer" time="0"/>
  <testcase name="When User enter customer email &quot;prasath123@gmail.com&quot;" classname="Scenario: User Login and Addnew customer" time="0"/>
  <testcase name="Then User click search" classname="Scenario: User Login and Addnew customer" time="0"/>
  <testcase name="And chech email showing on the table is &quot;prasath123@gmail.com&quot;" classname="Scenario: User Login and Addnew customer" time="0"/>
  <testcase name="When User enter UserFirstname &quot;prasath1&quot;" classname="Scenario: User Login and Addnew customer" time="0"/>
  <testcase name="Then User will be click search button" classname="Scenario: User Login and Addnew customer" time="0"/>
  <testcase name="And chech firstname showing on the table is &quot;prasath1&quot; and lastname &quot;G&quot;" classname="Scenario: User Login and Addnew customer" time="0"/>
</testsuite>